
> backend@1.0.0 dev
> node server.js

[dotenv@17.3.1] injecting env (6) from .env -- tip: ⚡️ secrets for agents: https://dotenvx.com/as2
/Users/macbookair/Documents/MAHESH FASHION/backend/routes/auth.js:4
router.get('/me', auth, async (req, res) => {
^

ReferenceError: router is not defined
    at Object.<anonymous> (/Users/macbookair/Documents/MAHESH FASHION/backend/routes/auth.js:4:1)
    at Module._compile (node:internal/modules/cjs/loader:1812:14)
    at Object..js (node:internal/modules/cjs/loader:1943:10)
    at Module.load (node:internal/modules/cjs/loader:1533:32)
    at Module._load (node:internal/modules/cjs/loader:1335:12)
    at wrapModuleLoad (node:internal/modules/cjs/loader:255:19)
    at Module.require (node:internal/modules/cjs/loader:1556:12)
    at require (node:internal/modules/helpers:152:16)
    at Object.<anonymous> (/Users/macbookair/Documents/MAHESH FASHION/backend/server.js:36:22)
    at Module._compile (node:internal/modules/cjs/loader:1812:14)
    at Object..js (node:internal/modules/cjs/loader:1943:10)
    at Module.load (node:internal/modules/cjs/loader:1533:32)
    at Module._load (node:internal/modules/cjs/loader:1335:12)
    at wrapModuleLoad (node:internal/modules/cjs/loader:255:19)
    at Module.executeUserEntryPoint [as runMain] (node:internal/modules/run_main:154:5)
    at node:internal/main/run_main_module:33:47

Node.js v24.14.0
